POST /RPC2 HTTP/1.0
User-Agent: kali
Host:
Content-Type: text/xml
Content-length:590



<?xml version='1.0'?>
<DataNodeJob>
<reducer>
<reducerName>SumReducer</reducerName>
<reducerObj>rO0ABXNyAApTdW1SZWR1Y2VyAAAAAAAAAAECAAZJAANzdW1MAARkYXRhdAASTGphdmEvbGFuZy9TdHJpbmc7TAAFcGFyYW10ABVMamF2YS91dGlsL0FycmF5TGlzdDtMAAtwYXJhbV90eXBlc3EAfgACTAAGcmVzdWx0cQB+AAJMAAxyZXN1bHRfdHlwZXNxAH4AAnhwAAAAAHBzcgATamF2YS51dGlsLkFycmF5TGlzdHiB0h2Zx2GdAwABSQAEc2l6ZXhwAAAAAHcEAAAAAHhzcQB+AAQAAAAAdwQAAAAAeHNxAH4ABAAAAAB3BAAAAAB4c3EAfgAEAAAAAHcEAAAAAHg=</reducerObj>
</reducer>
<params>
<param>
<value><i4>33</i4></value>
</param>
<param>
<value><i4>33</i4></value>
</param>
</params>
</DataNodeJob>
